==167715== Memcheck, a memory error detector
==167715== Copyright (C) 2002-2017, and GNU GPL'd, by Julian Seward et al.
==167715== Using Valgrind-3.18.1 and LibVEX; rerun with -h for copyright info
==167715== Command: ./spider -lp 2 data https://tesrelou.fr/
==167715== 
hostname = tesrelou.fr
pathName = data
deepness = 2
b pathName = 1
b deepness = 1
b https = 1


requete sur gmpg.org/xfn/11/xfn/11
requete sur tesrelou.fr/feed/fr/feed/
==167715== 
==167715== HEAP SUMMARY:
==167715==     in use at exit: 0 bytes in 0 blocks
==167715==   total heap usage: 89,844 allocs, 89,844 frees, 11,227,646 bytes allocated
==167715== 
==167715== All heap blocks were freed -- no leaks are possible
==167715== 
==167715== For lists of detected and suppressed errors, rerun with: -s
==167715== ERROR SUMMARY: 0 errors from 0 contexts (suppressed: 0 from 0)
